<?xml version="1.0" encoding="UTF-8"?>
<!-- Generated by org.testng.reporters.JUnitReportReporter -->
<testsuite hostname="DESKTOP-789NBJF" failures="0" tests="4" name="tests.MainTest" time="93.411" errors="0" timestamp="2021-10-14T15:44:59 EEST" skipped="0">
  <testcase classname="tests.MainTest" name="SearchTest" time="37.159"/>
  <system-out/>
  <testcase classname="tests.MainTest" name="addToCart" time="15.241"/>
  <system-out/>
  <testcase classname="tests.MainTest" name="MainPageTest" time="13.748"/>
  <system-out/>
  <testcase classname="tests.MainTest" name="addToCartAfterSearch" time="27.263"/>
  <system-out/>
</testsuite> <!-- tests.MainTest -->
