<?xml version="1.0" encoding="UTF-8"?>
<!-- Generated by org.testng.reporters.JUnitReportReporter -->
<testsuite hostname="DESKTOP-789NBJF" failures="0" tests="1" name="tests.End2End" time="31.995" errors="0" timestamp="2021-10-14T15:44:59 EEST" skipped="0">
  <testcase classname="tests.End2End" name="end2end" time="31.995"/>
  <system-out/>
</testsuite> <!-- tests.End2End -->
