<?xml version="1.0" encoding="UTF-8"?>
<!-- Generated by org.testng.reporters.JUnitReportReporter -->
<testsuite hostname="DESKTOP-789NBJF" failures="0" tests="1" name="tests.CheckOutTest" time="55.259" errors="0" timestamp="2021-10-14T15:44:59 EEST" skipped="0">
  <testcase classname="tests.CheckOutTest" name="verifyCheckOutPage" time="55.259"/>
  <system-out/>
</testsuite> <!-- tests.CheckOutTest -->
